生成启动时间为 2017/8/20 21:40:21。
     1>项目“G:\vs2010_project\OpenGL_demo\circle\circle.vcxproj”在节点 2 上(build 个目标)。
     1>InitializeBuildStatus:
         正在创建“Debug\circle.unsuccessfulbuild”，因为已指定“AlwaysCreate”。
       ClCompile:
         D:\Program Files (x86)\Microsoft Visual Studio 10.0\VC\bin\CL.exe /c /ZI /nologo /W3 /WX- /Od /Oy- /D WIN32 /D _DEBUG /D _CONSOLE /D _UNICODE /D UNICODE /Gm /EHsc /RTC1 /MDd /GS /fp:precise /Zc:wchar_t /Zc:forScope /Fo"Debug\\" /Fd"Debug\vc100.pdb" /Gd /TP /analyze- /errorReport:prompt circle.cpp
         circle.cpp
       ManifestResourceCompile:
         所有输出均为最新。
       Link:
         D:\Program Files (x86)\Microsoft Visual Studio 10.0\VC\bin\link.exe /ERRORREPORT:PROMPT /OUT:"G:\vs2010_project\OpenGL_demo\Debug\circle.exe" /INCREMENTAL /NOLOGO kernel32.lib user32.lib gdi32.lib winspool.lib comdlg32.lib advapi32.lib shell32.lib ole32.lib oleaut32.lib uuid.lib odbc32.lib odbccp32.lib /MANIFEST /ManifestFile:"Debug\circle.exe.intermediate.manifest" /MANIFESTUAC:"level='asInvoker' uiAccess='false'" /DEBUG /PDB:"G:\vs2010_project\OpenGL_demo\Debug\circle.pdb" /SUBSYSTEM:CONSOLE /TLBID:1 /DYNAMICBASE /NXCOMPAT /IMPLIB:"G:\vs2010_project\OpenGL_demo\Debug\circle.lib" /MACHINE:X86 Debug\circle.exe.embed.manifest.res
         Debug\circle.obj
       Manifest:
         C:\Program Files (x86)\Microsoft SDKs\Windows\v7.0A\bin\mt.exe /nologo /verbose /out:"Debug\circle.exe.embed.manifest" /manifest Debug\circle.exe.intermediate.manifest
         所有输出均为最新。
       LinkEmbedManifest:
         所有输出均为最新。
         circle.vcxproj -> G:\vs2010_project\OpenGL_demo\Debug\circle.exe
       FinalizeBuildStatus:
         正在删除文件“Debug\circle.unsuccessfulbuild”。
         正在对“Debug\circle.lastbuildstate”执行 Touch 任务。
     1>已完成生成项目“G:\vs2010_project\OpenGL_demo\circle\circle.vcxproj”(build 个目标)的操作。

生成成功。

已用时间 00:00:00.43
